timestamp: 2011-09-15T12:13:46.707284
CREATE TABLE auth_user(
    id INTEGER PRIMARY KEY AUTOINCREMENT,
    first_name CHAR(128),
    last_name CHAR(128),
    email CHAR(512),
    password CHAR(512),
    registration_key CHAR(512),
    reset_password_key CHAR(512)
);
success!
timestamp: 2011-09-15T12:13:46.721838
CREATE TABLE auth_group(
    id INTEGER PRIMARY KEY AUTOINCREMENT,
    role CHAR(512),
    description TEXT
);
success!
timestamp: 2011-09-15T12:13:46.728944
CREATE TABLE auth_membership(
    id INTEGER PRIMARY KEY AUTOINCREMENT,
    user_id INTEGER REFERENCES auth_user(id) ON DELETE CASCADE,
    group_id INTEGER REFERENCES auth_group(id) ON DELETE CASCADE
);
success!
timestamp: 2011-09-15T12:13:46.738718
CREATE TABLE auth_permission(
    id INTEGER PRIMARY KEY AUTOINCREMENT,
    group_id INTEGER REFERENCES auth_group(id) ON DELETE CASCADE,
    name CHAR(512),
    table_name CHAR(512),
    record_id INTEGER
);
success!
timestamp: 2011-09-15T12:13:46.748721
CREATE TABLE auth_event(
    id INTEGER PRIMARY KEY AUTOINCREMENT,
    time_stamp TIMESTAMP,
    client_ip CHAR(512),
    user_id INTEGER REFERENCES auth_user(id) ON DELETE CASCADE,
    origin CHAR(512),
    description TEXT
);
success!
timestamp: 2011-09-15T12:13:46.762854
CREATE TABLE auth_cas(
    id INTEGER PRIMARY KEY AUTOINCREMENT,
    user_id INTEGER REFERENCES auth_user(id) ON DELETE CASCADE,
    created_on TIMESTAMP,
    url CHAR(512),
    uuid CHAR(512)
);
success!
timestamp: 2011-09-15T12:13:46.772762
CREATE TABLE categories(
    id INTEGER PRIMARY KEY AUTOINCREMENT,
    category CHAR(512),
    description CHAR(512)
);
success!
timestamp: 2011-09-15T12:13:46.780376
CREATE TABLE tags(
    id INTEGER PRIMARY KEY AUTOINCREMENT,
    tag CHAR(512)
);
success!
timestamp: 2011-09-15T12:13:46.789544
CREATE TABLE questions(
    id INTEGER PRIMARY KEY AUTOINCREMENT,
    question TEXT,
    answer CHAR(512),
    value DOUBLE,
    readable_answer CHAR(512),
    answer2 CHAR(512),
    value2 DOUBLE,
    answer3 CHAR(512),
    value3 DOUBLE,
    frequency DOUBLE,
    tags TEXT
);
success!
timestamp: 2011-09-15T12:13:46.801804
CREATE TABLE quizzes(
    id INTEGER PRIMARY KEY AUTOINCREMENT,
    quiz CHAR(512),
    length CHAR(512),
    tags TEXT,
    frequency CHAR(512),
    groups TEXT,
    start_date DATE,
    end_date DATE
);
success!
timestamp: 2011-09-15T12:17:29.029672
CREATE TABLE question_records(
    id INTEGER PRIMARY KEY AUTOINCREMENT,
    name INTEGER REFERENCES auth_user(id) ON DELETE CASCADE,
    question INTEGER REFERENCES questions(id) ON DELETE CASCADE,
    times_right DOUBLE,
    times_wrong DOUBLE,
    last_right DATE,
    last_wrong DATE,
    category INTEGER REFERENCES categories(id) ON DELETE CASCADE
);
success!
timestamp: 2011-09-15T12:17:29.045732
CREATE TABLE quiz_records(
    id INTEGER PRIMARY KEY AUTOINCREMENT,
    name INTEGER REFERENCES auth_user(id) ON DELETE CASCADE,
    quiz INTEGER REFERENCES quizzes(id) ON DELETE CASCADE,
    score DOUBLE,
    date_taken DATE
);
success!
timestamp: 2011-09-24T20:57:27.910181
CREATE TABLE q_bugs(
    id INTEGER PRIMARY KEY AUTOINCREMENT,
    question INTEGER REFERENCES questions(id) ON DELETE CASCADE,
    a_submitted CHAR(512),
    name INTEGER REFERENCES auth_user(id) ON DELETE CASCADE,
    date_submitted DATE
);
success!
timestamp: 2011-09-30T12:03:04.972298
CREATE TABLE news(
    id INTEGER PRIMARY KEY AUTOINCREMENT,
    story TEXT,
    title CHAR(512),
    name INTEGER REFERENCES auth_user(id) ON DELETE CASCADE,
    date_submitted TIMESTAMP,
    last_edit TIMESTAMP
);
success!
timestamp: 2011-11-09T21:53:56.232622
ALTER TABLE questions ADD qq_status INTEGER;
timestamp: 2011-11-09T21:54:23.171972
ALTER TABLE questions ADD qq_status INTEGER;
timestamp: 2011-11-09T22:02:43.237444
ALTER TABLE questions ADD qqq_status INTEGER;
timestamp: 2011-11-09T22:02:43.511318
ALTER TABLE q_bugs ADD admin_comment TEXT;
timestamp: 2011-11-09T22:02:48.653378
ALTER TABLE q_bugs ADD admin_comment TEXT;
timestamp: 2011-11-09T22:02:50.397937
ALTER TABLE q_bugs ADD admin_comment TEXT;
timestamp: 2011-11-09T22:03:06.749600
ALTER TABLE q_bugs ADD admin_comment TEXT;
timestamp: 2011-11-09T22:04:00.524827
ALTER TABLE q_bugs ADD admin_comment TEXT;
timestamp: 2011-11-09T22:04:16.776915
ALTER TABLE q_bugs ADD admin_comment TEXT;
timestamp: 2011-11-09T22:06:01.037299
ALTER TABLE q_bugs ADD prev_lastright DATE;
timestamp: 2011-11-09T22:06:36.842015
ALTER TABLE q_bugs ADD bug_status INTEGER REFERENCES bug_status(id) ON DELETE CASCADE;
timestamp: 2011-11-09T22:08:10.287729
ALTER TABLE q_bugs ADD bug_status2 INTEGER REFERENCES bug_status(id) ON DELETE CASCADE;
timestamp: 2011-11-09T22:08:10.299992
ALTER TABLE q_bugs ADD admin_comment2 TEXT;
timestamp: 2011-11-11T11:31:37.124183
ALTER TABLE questions ADD status INTEGER;
timestamp: 2011-11-11T11:33:13.627241
ALTER TABLE questions ADD status INTEGER;
timestamp: 2011-11-11T11:33:13.781718
ALTER TABLE q_bugs ADD admin_comment TEXT;
timestamp: 2011-11-11T11:35:52.986794
ALTER TABLE q_bugs ADD admin_comment TEXT;
timestamp: 2011-11-11T11:36:13.834676
ALTER TABLE q_bugs ADD admin_comment TEXT;
timestamp: 2011-11-11T11:36:13.937772
ALTER TABLE q_bugs ADD prev_lastright TIMESTAMP;
timestamp: 2011-11-11T11:36:14.026907
ALTER TABLE q_bugs ADD bug_status INTEGER REFERENCES bug_status(id) ON DELETE CASCADE;
timestamp: 2011-11-11T11:36:14.116352
ALTER TABLE q_bugs ADD prev_lastwrong TIMESTAMP;
timestamp: 2011-11-11T11:40:57.041448
ALTER TABLE question_records ADD tlast_wrong TIMESTAMP;
timestamp: 2011-11-11T13:10:01.430297
ALTER TABLE question_records ADD tlast_right TIMESTAMP;
timestamp: 2011-11-11T13:36:29.254911
ALTER TABLE attempt_log ADD dt_attempted TIMESTAMP;
timestamp: 2011-11-11T13:41:53.918674
ALTER TABLE q_bugs ADD dt_submitted DATE;
timestamp: 2011-11-11T13:45:56.337800
ALTER TABLE q_bugs ADD submitted TIMESTAMP;
timestamp: 2012-01-02T15:06:32.694097
ALTER TABLE auth_user ADD registration_id CHAR(512);
timestamp: 2012-01-02T15:06:32.790289
ALTER TABLE auth_cas ADD service CHAR(512);
timestamp: 2012-01-02T15:06:32.855821
ALTER TABLE auth_cas ADD renew CHAR(1);
timestamp: 2012-01-02T15:06:32.930196
ALTER TABLE auth_cas ADD ticket CHAR(512);
timestamp: 2012-01-20T14:01:56.795083
CREATE TABLE locations(
    id INTEGER PRIMARY KEY AUTOINCREMENT,
    location CHAR(512)
);
success!
timestamp: 2012-01-20T14:01:56.918623
CREATE TABLE npcs(
    id INTEGER PRIMARY KEY AUTOINCREMENT,
    name CHAR(512),
    location TEXT,
    image CHAR(512)
);
success!
timestamp: 2012-01-20T14:01:57.032515
ALTER TABLE questions ADD tags_secondary TEXT;
timestamp: 2012-01-20T14:01:57.128950
ALTER TABLE questions ADD npcs TEXT;
timestamp: 2012-01-20T14:01:57.231310
ALTER TABLE questions ADD next TEXT;
timestamp: 2012-01-20T14:01:57.362411
CREATE TABLE tag_records(
    id INTEGER PRIMARY KEY AUTOINCREMENT,
    name INTEGER REFERENCES auth_user(id) ON DELETE CASCADE,
    question INTEGER REFERENCES questions(id) ON DELETE CASCADE,
    times_right DOUBLE,
    times_wrong DOUBLE,
    tlast_wrong TIMESTAMP,
    tlast_right TIMESTAMP,
    category INTEGER REFERENCES categories(id) ON DELETE CASCADE
);
success!
timestamp: 2012-01-20T22:28:17.677060
ALTER TABLE tag_records ADD tag INTEGER REFERENCES tags(id) ON DELETE CASCADE;
timestamp: 2012-02-01T16:35:00.182021
ALTER TABLE locations ADD background CHAR(512);
timestamp: 2012-02-01T16:35:00.438232
ALTER TABLE questions ADD audio CHAR(512);
timestamp: 2012-02-09T14:12:57.862506
ALTER TABLE npcs ADD notes TEXT;
timestamp: 2012-02-11T21:46:08.389528
CREATE TABLE inv_items(
    id INTEGER PRIMARY KEY AUTOINCREMENT,
    item_name CHAR(512)
);
success!
timestamp: 2012-02-11T21:46:08.607452
CREATE TABLE inventory(
    id INTEGER PRIMARY KEY AUTOINCREMENT,
    owner INTEGER REFERENCES auth_user(id) ON DELETE CASCADE,
    items_held TEXT
);
success!
timestamp: 2012-02-11T21:46:08.827510
CREATE TABLE steps(
    id INTEGER PRIMARY KEY AUTOINCREMENT,
    prompt TEXT,
    prompt_audio CHAR(512),
    widget_type CHAR(512),
    widget_image CHAR(512),
    response1 CHAR(512),
    readable_response CHAR(512),
    outcome1 CHAR(512),
    response2 CHAR(512),
    outcome2 CHAR(512),
    response3 CHAR(512),
    outcome3 CHAR(512),
    tags TEXT,
    tags_secondary TEXT,
    npcs TEXT,
    status INTEGER
);
success!
